LINE 401 : 2023-06-08 10:55:02,248 [INFO    ] Connecting to Enrichr Server to get latest library names
LINE 227 : 2023-06-08 10:55:02,252 [DEBUG   ] Starting new HTTP connection (1): maayanlab.cloud:80
LINE 452 : 2023-06-08 10:55:02,692 [DEBUG   ] http://maayanlab.cloud:80 "GET /Enrichr/datasetStatistics HTTP/1.1" 308 164
LINE 971 : 2023-06-08 10:55:02,700 [DEBUG   ] Starting new HTTPS connection (1): maayanlab.cloud:443
LINE 452 : 2023-06-08 10:55:03,438 [DEBUG   ] https://maayanlab.cloud:443 "GET /Enrichr/datasetStatistics HTTP/1.1" 200 None
LINE 421 : 2023-06-08 10:55:03,859 [DEBUG   ] Start Enrichr using library: GO_Biological_Process_2021
LINE 422 : 2023-06-08 10:55:03,859 [INFO    ] Analysis name: pathway, Enrichr Library: GO_Biological_Process_2021
LINE 227 : 2023-06-08 10:55:03,866 [DEBUG   ] Starting new HTTP connection (1): maayanlab.cloud:80
LINE 452 : 2023-06-08 10:55:04,295 [DEBUG   ] http://maayanlab.cloud:80 "POST /Enrichr/addList HTTP/1.1" 308 164
LINE 971 : 2023-06-08 10:55:04,302 [DEBUG   ] Starting new HTTPS connection (1): maayanlab.cloud:443
LINE 452 : 2023-06-08 10:55:05,764 [DEBUG   ] https://maayanlab.cloud:443 "POST /Enrichr/addList HTTP/1.1" 200 74
LINE 227 : 2023-06-08 10:55:06,776 [DEBUG   ] Starting new HTTP connection (1): maayanlab.cloud:80
LINE 452 : 2023-06-08 10:55:07,191 [DEBUG   ] http://maayanlab.cloud:80 "GET /Enrichr/export?userListId=62918930&filename=GO_Biological_Process_2021.pathway.reports&backgroundType=GO_Biological_Process_2021 HTTP/1.1" 308 164
LINE 971 : 2023-06-08 10:55:07,199 [DEBUG   ] Starting new HTTPS connection (1): maayanlab.cloud:443
LINE 452 : 2023-06-08 10:55:08,055 [DEBUG   ] https://maayanlab.cloud:443 "GET /Enrichr/export?userListId=62918930&filename=GO_Biological_Process_2021.pathway.reports&backgroundType=GO_Biological_Process_2021 HTTP/1.1" 200 103
LINE 430 : 2023-06-08 10:55:08,111 [INFO    ] Save file of enrichment results: Job Id:3b77646460493a9ebddf778df046e660
LINE 439 : 2023-06-08 10:55:08,115 [WARNING ] Warning: No enrich terms using library GO_Biological_Process_2021 when cutoff = False
LINE 440 : 2023-06-08 10:55:08,116 [INFO    ] Done.

LINE 401 : 2023-06-08 10:55:29,478 [INFO    ] Connecting to Enrichr Server to get latest library names
LINE 227 : 2023-06-08 10:55:29,480 [DEBUG   ] Starting new HTTP connection (1): maayanlab.cloud:80
LINE 452 : 2023-06-08 10:55:29,961 [DEBUG   ] http://maayanlab.cloud:80 "GET /Enrichr/datasetStatistics HTTP/1.1" 308 164
LINE 971 : 2023-06-08 10:55:29,970 [DEBUG   ] Starting new HTTPS connection (1): maayanlab.cloud:443
LINE 452 : 2023-06-08 10:55:30,897 [DEBUG   ] https://maayanlab.cloud:443 "GET /Enrichr/datasetStatistics HTTP/1.1" 200 None
LINE 421 : 2023-06-08 10:55:31,322 [DEBUG   ] Start Enrichr using library: GO_Biological_Process_2021
LINE 422 : 2023-06-08 10:55:31,322 [INFO    ] Analysis name: pathway, Enrichr Library: GO_Biological_Process_2021
LINE 227 : 2023-06-08 10:55:31,328 [DEBUG   ] Starting new HTTP connection (1): maayanlab.cloud:80
LINE 452 : 2023-06-08 10:55:31,923 [DEBUG   ] http://maayanlab.cloud:80 "POST /Enrichr/addList HTTP/1.1" 308 164
LINE 971 : 2023-06-08 10:55:31,930 [DEBUG   ] Starting new HTTPS connection (1): maayanlab.cloud:443
LINE 452 : 2023-06-08 10:55:33,193 [DEBUG   ] https://maayanlab.cloud:443 "POST /Enrichr/addList HTTP/1.1" 200 74
LINE 227 : 2023-06-08 10:55:34,205 [DEBUG   ] Starting new HTTP connection (1): maayanlab.cloud:80
LINE 452 : 2023-06-08 10:55:34,727 [DEBUG   ] http://maayanlab.cloud:80 "GET /Enrichr/export?userListId=62918934&filename=GO_Biological_Process_2021.pathway.reports&backgroundType=GO_Biological_Process_2021 HTTP/1.1" 308 164
LINE 971 : 2023-06-08 10:55:34,734 [DEBUG   ] Starting new HTTPS connection (1): maayanlab.cloud:443
LINE 452 : 2023-06-08 10:55:35,595 [DEBUG   ] https://maayanlab.cloud:443 "GET /Enrichr/export?userListId=62918934&filename=GO_Biological_Process_2021.pathway.reports&backgroundType=GO_Biological_Process_2021 HTTP/1.1" 200 None
LINE 430 : 2023-06-08 10:55:36,446 [INFO    ] Save file of enrichment results: Job Id:981f40c9d900bb5076a8d54120b9dba4
LINE 439 : 2023-06-08 10:55:36,474 [WARNING ] Warning: No enrich terms using library GO_Biological_Process_2021 when cutoff = False
LINE 440 : 2023-06-08 10:55:36,475 [INFO    ] Done.

LINE 401 : 2023-06-08 10:55:58,093 [INFO    ] Connecting to Enrichr Server to get latest library names
LINE 227 : 2023-06-08 10:55:58,095 [DEBUG   ] Starting new HTTP connection (1): maayanlab.cloud:80
LINE 452 : 2023-06-08 10:55:58,574 [DEBUG   ] http://maayanlab.cloud:80 "GET /Enrichr/datasetStatistics HTTP/1.1" 308 164
LINE 971 : 2023-06-08 10:55:58,584 [DEBUG   ] Starting new HTTPS connection (1): maayanlab.cloud:443
LINE 452 : 2023-06-08 10:55:59,305 [DEBUG   ] https://maayanlab.cloud:443 "GET /Enrichr/datasetStatistics HTTP/1.1" 200 None
LINE 421 : 2023-06-08 10:55:59,840 [DEBUG   ] Start Enrichr using library: GO_Biological_Process_2021
LINE 422 : 2023-06-08 10:55:59,840 [INFO    ] Analysis name: pathway, Enrichr Library: GO_Biological_Process_2021
LINE 227 : 2023-06-08 10:55:59,845 [DEBUG   ] Starting new HTTP connection (1): maayanlab.cloud:80
LINE 452 : 2023-06-08 10:56:00,349 [DEBUG   ] http://maayanlab.cloud:80 "POST /Enrichr/addList HTTP/1.1" 308 164
LINE 971 : 2023-06-08 10:56:00,355 [DEBUG   ] Starting new HTTPS connection (1): maayanlab.cloud:443
LINE 452 : 2023-06-08 10:56:01,393 [DEBUG   ] https://maayanlab.cloud:443 "POST /Enrichr/addList HTTP/1.1" 200 74
LINE 227 : 2023-06-08 10:56:02,407 [DEBUG   ] Starting new HTTP connection (1): maayanlab.cloud:80
LINE 452 : 2023-06-08 10:56:02,856 [DEBUG   ] http://maayanlab.cloud:80 "GET /Enrichr/export?userListId=62918938&filename=GO_Biological_Process_2021.pathway.reports&backgroundType=GO_Biological_Process_2021 HTTP/1.1" 308 164
LINE 971 : 2023-06-08 10:56:02,863 [DEBUG   ] Starting new HTTPS connection (1): maayanlab.cloud:443
LINE 452 : 2023-06-08 10:56:03,710 [DEBUG   ] https://maayanlab.cloud:443 "GET /Enrichr/export?userListId=62918938&filename=GO_Biological_Process_2021.pathway.reports&backgroundType=GO_Biological_Process_2021 HTTP/1.1" 200 None
LINE 430 : 2023-06-08 10:56:04,377 [INFO    ] Save file of enrichment results: Job Id:aff7ee227fcb1355fdf4da4ff1656509
LINE 439 : 2023-06-08 10:56:04,390 [WARNING ] Warning: No enrich terms using library GO_Biological_Process_2021 when cutoff = False
LINE 440 : 2023-06-08 10:56:04,391 [INFO    ] Done.

LINE 401 : 2023-06-08 11:48:25,608 [INFO    ] Connecting to Enrichr Server to get latest library names
LINE 227 : 2023-06-08 11:48:25,610 [DEBUG   ] Starting new HTTP connection (1): maayanlab.cloud:80
LINE 452 : 2023-06-08 11:48:26,129 [DEBUG   ] http://maayanlab.cloud:80 "GET /Enrichr/datasetStatistics HTTP/1.1" 308 164
LINE 971 : 2023-06-08 11:48:26,137 [DEBUG   ] Starting new HTTPS connection (1): maayanlab.cloud:443
LINE 452 : 2023-06-08 11:48:27,050 [DEBUG   ] https://maayanlab.cloud:443 "GET /Enrichr/datasetStatistics HTTP/1.1" 200 None
LINE 421 : 2023-06-08 11:48:27,672 [DEBUG   ] Start Enrichr using library: KEGG_2016
LINE 422 : 2023-06-08 11:48:27,672 [INFO    ] Analysis name: pathway, Enrichr Library: KEGG_2016
LINE 227 : 2023-06-08 11:48:27,678 [DEBUG   ] Starting new HTTP connection (1): maayanlab.cloud:80
LINE 452 : 2023-06-08 11:48:28,279 [DEBUG   ] http://maayanlab.cloud:80 "POST /Enrichr/addList HTTP/1.1" 308 164
LINE 971 : 2023-06-08 11:48:28,287 [DEBUG   ] Starting new HTTPS connection (1): maayanlab.cloud:443
LINE 452 : 2023-06-08 11:48:29,217 [DEBUG   ] https://maayanlab.cloud:443 "POST /Enrichr/addList HTTP/1.1" 200 74
LINE 227 : 2023-06-08 11:48:30,226 [DEBUG   ] Starting new HTTP connection (1): maayanlab.cloud:80
LINE 452 : 2023-06-08 11:48:30,839 [DEBUG   ] http://maayanlab.cloud:80 "GET /Enrichr/export?userListId=62919341&filename=KEGG_2016.pathway.reports&backgroundType=KEGG_2016 HTTP/1.1" 308 164
LINE 971 : 2023-06-08 11:48:30,847 [DEBUG   ] Starting new HTTPS connection (1): maayanlab.cloud:443
LINE 452 : 2023-06-08 11:48:31,762 [DEBUG   ] https://maayanlab.cloud:443 "GET /Enrichr/export?userListId=62919341&filename=KEGG_2016.pathway.reports&backgroundType=KEGG_2016 HTTP/1.1" 200 None
LINE 430 : 2023-06-08 11:48:32,106 [INFO    ] Save file of enrichment results: Job Id:84a5c4a672a7901cd427d86290da4269
LINE 439 : 2023-06-08 11:48:32,111 [WARNING ] Warning: No enrich terms using library KEGG_2016 when cutoff = False
LINE 440 : 2023-06-08 11:48:32,112 [INFO    ] Done.

